22:36:07.732 [JavaFX Application Thread] DEBUG GameApplication      - Logger initialized
22:36:07.746 [JavaFX Application Thread] DEBUG GameApplication      - Logging settings
Title: Coelho Adventure
Version: 0.0
Width: 1024
Height: 512
Fullscreen: false
Intro: false
Menus: false
Profiling: false
Single step:false
App Mode: DEVELOPER
Menu Key: ESCAPE
Stage Style: DECORATED
Scene Factory: class com.almasb.fxgl.scene.SceneFactory
Dialog Factory: class com.almasb.fxgl.ui.FXGLDialogFactory
UI Factory: class com.almasb.fxgl.ui.FXGLUIFactory
Notification Service: class com.almasb.fxgl.gameplay.notification.XboxNotificationView
Exception Handler: class com.almasb.fxgl.app.FXGLExceptionHandler
22:36:07.747 [JavaFX Application Thread] DEBUG GameApplication      - Starting FXGL
22:36:07.753 [JavaFX Application Thread] INFO  FXGL                 - FXGL-0.5.4 on DESKTOP
22:36:07.754 [JavaFX Application Thread] INFO  FXGL                 - Source code and latest versions at: https://github.com/AlmasB/FXGL
22:36:07.754 [JavaFX Application Thread] INFO  FXGL                 -              Join the FXGL chat at: https://gitter.im/AlmasB/FXGL
22:36:07.754 [JavaFX Application Thread] DEBUG FXGL                 - FXGL started
22:36:07.754 [JavaFX Application Thread] DEBUG FXGL                 - Initializing FXGL
22:36:07.821 [JavaFX Application Thread] DEBUG AssetLoader          - Loading from disk: /assets/ui/cursors/fxgl_default.png
22:36:07.902 [JavaFX Application Thread] DEBUG AssetLoader          - Loading from disk: /assets/ui/fonts/VarelaRound-Regular.ttf
22:36:08.144 [JavaFX Application Thread] DEBUG MainWindow           - Creating a JavaFX scene
22:36:08.187 [JavaFX Application Thread] DEBUG MainWindow           - Target settings size: 1024.0 x 512.0
22:36:08.187 [JavaFX Application Thread] DEBUG MainWindow           - Scaled scene size:    1024.0 x 512.0
22:36:08.187 [JavaFX Application Thread] DEBUG MainWindow           - Scaled ratio: (1.0, 1.0)
22:36:08.190 [JavaFX Application Thread] DEBUG AssetLoader          - Loading from disk: /assets/ui/css/fxgl_dark.css
22:36:08.194 [JavaFX Application Thread] DEBUG AssetLoader          - Loading from disk: /assets/textures/fxgl_icon.png
22:36:08.201 [JavaFX Application Thread] DEBUG MainWindow           - Opening main window
22:36:08.443 [JavaFX Application Thread] DEBUG MainWindow           - Window border size: (6.0, 35.0)
22:36:08.444 [JavaFX Application Thread] DEBUG MainWindow           - Scaled size: 1024.0 x 512.0
22:36:08.444 [JavaFX Application Thread] DEBUG MainWindow           - Scaled ratio: (1.0, 1.0)
22:36:08.444 [JavaFX Application Thread] DEBUG MainWindow           - Scene size: 1024.0 x 512.0
22:36:08.444 [JavaFX Application Thread] DEBUG MainWindow           - Stage size: 1030.0 x 547.0
22:36:08.483 [ForkJoinPool.commonPool-worker-1] DEBUG FS                   - Loaded DesktopFSService
22:36:08.483 [ForkJoinPool.commonPool-worker-1] DEBUG FXGL                 - Loading FXGL system data
22:36:08.490 [ForkJoinPool.commonPool-worker-1] DEBUG DesktopFSService     - Reading from: system\fxgl.bundle
22:36:08.495 [ForkJoinPool.commonPool-worker-1] DEBUG Bundle               - Logging bundle: FXGL
22:36:08.496 [ForkJoinPool.commonPool-worker-1] DEBUG Bundle               - FXGL.offline.timer.version.check=2018-12-02T17:50:43.294
22:36:08.497 [ForkJoinPool.commonPool-worker-1] DEBUG FXGL                 - Initializing state machine and application states
22:36:08.498 [ForkJoinPool.commonPool-worker-1] DEBUG AssetLoader          - Loading from disk: /assets/ui/cursors/fxgl_default.png
22:36:08.504 [ForkJoinPool.commonPool-worker-1] DEBUG AssetLoader          - Loading from disk: /assets/ui/cursors/fxgl_default.png
22:36:08.512 [ForkJoinPool.commonPool-worker-1] DEBUG AssetLoader          - Loading from cache: /assets/ui/fonts/VarelaRound-Regular.ttf
22:36:08.515 [ForkJoinPool.commonPool-worker-1] DEBUG AssetLoader          - Loading from disk: /assets/ui/cursors/fxgl_default.png
22:36:08.523 [ForkJoinPool.commonPool-worker-1] DEBUG GameScene            - Game scene initialized: 1024x512
22:36:08.529 [ForkJoinPool.commonPool-worker-1] DEBUG GameWorld            - Game world initialized
22:36:08.588 [ForkJoinPool.commonPool-worker-1] DEBUG PhysicsWorld         - Physics world initialized: appHeight=512, physics.ppm=50,0
22:36:08.608 [ForkJoinPool.commonPool-worker-1] DEBUG Input                - Registered new binding: Pause - Esc
22:36:08.688 [JavaFX Application Thread] DEBUG FXGL                 - Running preInit()
22:36:08.689 [JavaFX Application Thread] DEBUG Input                - Registered new binding: Screenshot - P
22:36:08.689 [JavaFX Application Thread] DEBUG Input                - Registered new binding: Dev Options - CTRL+0
22:36:08.690 [JavaFX Application Thread] DEBUG Input                - Registered new binding: System info dump - CTRL+9
22:36:08.690 [JavaFX Application Thread] DEBUG Input                - Registered new binding: Restart - CTRL+R
22:36:08.690 [JavaFX Application Thread] DEBUG Input                - Registered new binding: esquerda - Right
22:36:08.690 [JavaFX Application Thread] DEBUG Input                - Registered new binding: direita - Left
22:36:08.690 [JavaFX Application Thread] DEBUG Input                - Registered new binding: pular - Up
22:36:08.691 [JavaFX Application Thread] DEBUG Input                - Registered new binding: attack - Z
22:36:08.691 [JavaFX Application Thread] INFO  FXGL                 - FXGL initialization took: 0,937 sec
22:36:08.691 [JavaFX Application Thread] DEBUG LoopRunner           - Starting loop
22:36:08.692 [JavaFX Application Thread] DEBUG StartupState         - STARTUP
22:36:08.693 [JavaFX Application Thread] DEBUG GameApplication      - Starting new game
22:36:08.693 [JavaFX Application Thread] DEBUG Input                - Clearing active input actions
22:36:08.693 [JavaFX Application Thread] DEBUG AssetLoader          - Loading from disk: /assets/ui/css/fxgl_dark.css
22:36:08.698 [JavaFX Application Thread] DEBUG AppStateMachine      - StartupState -> LoadingState
22:36:08.703 [FXGL Background Thread 1 ] DEBUG InitAppTask          - Clearing previous game
22:36:08.703 [FXGL Background Thread 1 ] DEBUG GameWorld            - Clearing game world
22:36:08.703 [FXGL Background Thread 1 ] DEBUG PhysicsWorld         - Clearing physics world
22:36:08.703 [FXGL Background Thread 1 ] DEBUG GameScene            - Clearing game scene
22:36:08.704 [FXGL Background Thread 1 ] DEBUG InitAppTask          - Initializing Game
22:36:08.711 [FXGL Background Thread 1 ] DEBUG GameWorld            - Clearing game world
22:36:08.728 [FXGL Background Thread 1 ] DEBUG AssetLoader          - Loading from disk: /assets/json/LVL 3.json
22:36:08.964 [FXGL Background Thread 1 ] DEBUG GameWorld            - Clearing removable entities
22:36:08.964 [FXGL Background Thread 1 ] DEBUG GameWorld            - Setting level from map
22:36:08.983 [FXGL Background Thread 1 ] DEBUG AssetLoader          - Loading from disk: /assets/textures/Ground.png
22:36:09.010 [FXGL Background Thread 1 ] DEBUG AssetLoader          - Loading from cache: /assets/textures/Ground.png
22:36:09.011 [FXGL Background Thread 1 ] DEBUG AssetLoader          - Loading from cache: /assets/textures/Ground.png
22:36:09.011 [FXGL Background Thread 1 ] DEBUG AssetLoader          - Loading from cache: /assets/textures/Ground.png
22:36:09.011 [FXGL Background Thread 1 ] DEBUG AssetLoader          - Loading from cache: /assets/textures/Ground.png
22:36:09.011 [FXGL Background Thread 1 ] DEBUG AssetLoader          - Loading from cache: /assets/textures/Ground.png
22:36:09.011 [FXGL Background Thread 1 ] DEBUG AssetLoader          - Loading from cache: /assets/textures/Ground.png
22:36:09.011 [FXGL Background Thread 1 ] DEBUG AssetLoader          - Loading from cache: /assets/textures/Ground.png
22:36:09.011 [FXGL Background Thread 1 ] DEBUG AssetLoader          - Loading from cache: /assets/textures/Ground.png
22:36:09.012 [FXGL Background Thread 1 ] DEBUG AssetLoader          - Loading from cache: /assets/textures/Ground.png
22:36:09.012 [FXGL Background Thread 1 ] DEBUG AssetLoader          - Loading from cache: /assets/textures/Ground.png
22:36:09.012 [FXGL Background Thread 1 ] DEBUG AssetLoader          - Loading from cache: /assets/textures/Ground.png
22:36:09.012 [FXGL Background Thread 1 ] DEBUG AssetLoader          - Loading from cache: /assets/textures/Ground.png
22:36:09.012 [FXGL Background Thread 1 ] DEBUG AssetLoader          - Loading from cache: /assets/textures/Ground.png
22:36:09.012 [FXGL Background Thread 1 ] DEBUG AssetLoader          - Loading from cache: /assets/textures/Ground.png
22:36:09.013 [FXGL Background Thread 1 ] DEBUG AssetLoader          - Loading from cache: /assets/textures/Ground.png
22:36:09.013 [FXGL Background Thread 1 ] DEBUG AssetLoader          - Loading from cache: /assets/textures/Ground.png
22:36:09.013 [FXGL Background Thread 1 ] DEBUG AssetLoader          - Loading from cache: /assets/textures/Ground.png
22:36:09.013 [FXGL Background Thread 1 ] DEBUG AssetLoader          - Loading from cache: /assets/textures/Ground.png
22:36:09.013 [FXGL Background Thread 1 ] DEBUG AssetLoader          - Loading from cache: /assets/textures/Ground.png
22:36:09.013 [FXGL Background Thread 1 ] DEBUG AssetLoader          - Loading from cache: /assets/textures/Ground.png
22:36:09.014 [FXGL Background Thread 1 ] DEBUG AssetLoader          - Loading from cache: /assets/textures/Ground.png
22:36:09.014 [FXGL Background Thread 1 ] DEBUG AssetLoader          - Loading from cache: /assets/textures/Ground.png
22:36:09.014 [FXGL Background Thread 1 ] DEBUG AssetLoader          - Loading from cache: /assets/textures/Ground.png
22:36:09.014 [FXGL Background Thread 1 ] DEBUG AssetLoader          - Loading from cache: /assets/textures/Ground.png
22:36:09.014 [FXGL Background Thread 1 ] DEBUG AssetLoader          - Loading from cache: /assets/textures/Ground.png
22:36:09.014 [FXGL Background Thread 1 ] DEBUG AssetLoader          - Loading from cache: /assets/textures/Ground.png
22:36:09.014 [FXGL Background Thread 1 ] DEBUG AssetLoader          - Loading from cache: /assets/textures/Ground.png
22:36:09.015 [FXGL Background Thread 1 ] DEBUG AssetLoader          - Loading from cache: /assets/textures/Ground.png
22:36:09.015 [FXGL Background Thread 1 ] DEBUG AssetLoader          - Loading from cache: /assets/textures/Ground.png
22:36:09.015 [FXGL Background Thread 1 ] DEBUG AssetLoader          - Loading from cache: /assets/textures/Ground.png
22:36:09.015 [FXGL Background Thread 1 ] DEBUG AssetLoader          - Loading from cache: /assets/textures/Ground.png
22:36:09.015 [FXGL Background Thread 1 ] DEBUG AssetLoader          - Loading from cache: /assets/textures/Ground.png
22:36:09.015 [FXGL Background Thread 1 ] DEBUG AssetLoader          - Loading from cache: /assets/textures/Ground.png
22:36:09.015 [FXGL Background Thread 1 ] DEBUG AssetLoader          - Loading from cache: /assets/textures/Ground.png
22:36:09.016 [FXGL Background Thread 1 ] DEBUG AssetLoader          - Loading from cache: /assets/textures/Ground.png
22:36:09.016 [FXGL Background Thread 1 ] DEBUG AssetLoader          - Loading from cache: /assets/textures/Ground.png
22:36:09.016 [FXGL Background Thread 1 ] DEBUG AssetLoader          - Loading from cache: /assets/textures/Ground.png
22:36:09.016 [FXGL Background Thread 1 ] DEBUG AssetLoader          - Loading from cache: /assets/textures/Ground.png
22:36:09.016 [FXGL Background Thread 1 ] DEBUG AssetLoader          - Loading from cache: /assets/textures/Ground.png
22:36:09.016 [FXGL Background Thread 1 ] DEBUG AssetLoader          - Loading from cache: /assets/textures/Ground.png
22:36:09.016 [FXGL Background Thread 1 ] DEBUG AssetLoader          - Loading from cache: /assets/textures/Ground.png
22:36:09.016 [FXGL Background Thread 1 ] DEBUG AssetLoader          - Loading from cache: /assets/textures/Ground.png
22:36:09.017 [FXGL Background Thread 1 ] DEBUG AssetLoader          - Loading from cache: /assets/textures/Ground.png
22:36:09.017 [FXGL Background Thread 1 ] DEBUG AssetLoader          - Loading from cache: /assets/textures/Ground.png
22:36:09.017 [FXGL Background Thread 1 ] DEBUG AssetLoader          - Loading from cache: /assets/textures/Ground.png
22:36:09.017 [FXGL Background Thread 1 ] DEBUG AssetLoader          - Loading from cache: /assets/textures/Ground.png
22:36:09.017 [FXGL Background Thread 1 ] DEBUG AssetLoader          - Loading from cache: /assets/textures/Ground.png
22:36:09.017 [FXGL Background Thread 1 ] DEBUG AssetLoader          - Loading from cache: /assets/textures/Ground.png
22:36:09.017 [FXGL Background Thread 1 ] DEBUG AssetLoader          - Loading from cache: /assets/textures/Ground.png
22:36:09.018 [FXGL Background Thread 1 ] DEBUG AssetLoader          - Loading from cache: /assets/textures/Ground.png
22:36:09.018 [FXGL Background Thread 1 ] DEBUG AssetLoader          - Loading from cache: /assets/textures/Ground.png
22:36:09.018 [FXGL Background Thread 1 ] DEBUG AssetLoader          - Loading from cache: /assets/textures/Ground.png
22:36:09.018 [FXGL Background Thread 1 ] DEBUG AssetLoader          - Loading from cache: /assets/textures/Ground.png
22:36:09.018 [FXGL Background Thread 1 ] DEBUG AssetLoader          - Loading from cache: /assets/textures/Ground.png
22:36:09.018 [FXGL Background Thread 1 ] DEBUG AssetLoader          - Loading from cache: /assets/textures/Ground.png
22:36:09.018 [FXGL Background Thread 1 ] DEBUG AssetLoader          - Loading from cache: /assets/textures/Ground.png
22:36:09.018 [FXGL Background Thread 1 ] DEBUG AssetLoader          - Loading from cache: /assets/textures/Ground.png
22:36:09.019 [FXGL Background Thread 1 ] DEBUG AssetLoader          - Loading from cache: /assets/textures/Ground.png
22:36:09.019 [FXGL Background Thread 1 ] DEBUG AssetLoader          - Loading from cache: /assets/textures/Ground.png
22:36:09.019 [FXGL Background Thread 1 ] DEBUG AssetLoader          - Loading from cache: /assets/textures/Ground.png
22:36:09.019 [FXGL Background Thread 1 ] DEBUG AssetLoader          - Loading from cache: /assets/textures/Ground.png
22:36:09.019 [FXGL Background Thread 1 ] DEBUG AssetLoader          - Loading from cache: /assets/textures/Ground.png
22:36:09.019 [FXGL Background Thread 1 ] DEBUG AssetLoader          - Loading from cache: /assets/textures/Ground.png
22:36:09.019 [FXGL Background Thread 1 ] DEBUG AssetLoader          - Loading from cache: /assets/textures/Ground.png
22:36:09.020 [FXGL Background Thread 1 ] DEBUG AssetLoader          - Loading from cache: /assets/textures/Ground.png
22:36:09.020 [FXGL Background Thread 1 ] DEBUG AssetLoader          - Loading from cache: /assets/textures/Ground.png
22:36:09.020 [FXGL Background Thread 1 ] DEBUG AssetLoader          - Loading from cache: /assets/textures/Ground.png
22:36:09.020 [FXGL Background Thread 1 ] DEBUG AssetLoader          - Loading from cache: /assets/textures/Ground.png
22:36:09.020 [FXGL Background Thread 1 ] DEBUG AssetLoader          - Loading from cache: /assets/textures/Ground.png
22:36:09.020 [FXGL Background Thread 1 ] DEBUG AssetLoader          - Loading from cache: /assets/textures/Ground.png
22:36:09.021 [FXGL Background Thread 1 ] DEBUG AssetLoader          - Loading from cache: /assets/textures/Ground.png
22:36:09.021 [FXGL Background Thread 1 ] DEBUG AssetLoader          - Loading from cache: /assets/textures/Ground.png
22:36:09.021 [FXGL Background Thread 1 ] DEBUG AssetLoader          - Loading from cache: /assets/textures/Ground.png
22:36:09.021 [FXGL Background Thread 1 ] DEBUG AssetLoader          - Loading from cache: /assets/textures/Ground.png
22:36:09.021 [FXGL Background Thread 1 ] DEBUG AssetLoader          - Loading from cache: /assets/textures/Ground.png
22:36:09.021 [FXGL Background Thread 1 ] DEBUG AssetLoader          - Loading from cache: /assets/textures/Ground.png
22:36:09.022 [FXGL Background Thread 1 ] DEBUG AssetLoader          - Loading from cache: /assets/textures/Ground.png
22:36:09.022 [FXGL Background Thread 1 ] DEBUG AssetLoader          - Loading from cache: /assets/textures/Ground.png
22:36:09.022 [FXGL Background Thread 1 ] DEBUG AssetLoader          - Loading from cache: /assets/textures/Ground.png
22:36:09.022 [FXGL Background Thread 1 ] DEBUG AssetLoader          - Loading from cache: /assets/textures/Ground.png
22:36:09.022 [FXGL Background Thread 1 ] DEBUG AssetLoader          - Loading from cache: /assets/textures/Ground.png
22:36:09.022 [FXGL Background Thread 1 ] DEBUG AssetLoader          - Loading from cache: /assets/textures/Ground.png
22:36:09.022 [FXGL Background Thread 1 ] DEBUG AssetLoader          - Loading from cache: /assets/textures/Ground.png
22:36:09.022 [FXGL Background Thread 1 ] DEBUG AssetLoader          - Loading from cache: /assets/textures/Ground.png
22:36:09.023 [FXGL Background Thread 1 ] DEBUG AssetLoader          - Loading from cache: /assets/textures/Ground.png
22:36:09.023 [FXGL Background Thread 1 ] DEBUG AssetLoader          - Loading from cache: /assets/textures/Ground.png
22:36:09.023 [FXGL Background Thread 1 ] DEBUG AssetLoader          - Loading from cache: /assets/textures/Ground.png
22:36:09.023 [FXGL Background Thread 1 ] DEBUG AssetLoader          - Loading from cache: /assets/textures/Ground.png
22:36:09.023 [FXGL Background Thread 1 ] DEBUG AssetLoader          - Loading from cache: /assets/textures/Ground.png
22:36:09.023 [FXGL Background Thread 1 ] DEBUG AssetLoader          - Loading from cache: /assets/textures/Ground.png
22:36:09.023 [FXGL Background Thread 1 ] DEBUG AssetLoader          - Loading from cache: /assets/textures/Ground.png
22:36:09.024 [FXGL Background Thread 1 ] DEBUG AssetLoader          - Loading from cache: /assets/textures/Ground.png
22:36:09.024 [FXGL Background Thread 1 ] DEBUG AssetLoader          - Loading from cache: /assets/textures/Ground.png
22:36:09.024 [FXGL Background Thread 1 ] DEBUG AssetLoader          - Loading from cache: /assets/textures/Ground.png
22:36:09.024 [FXGL Background Thread 1 ] DEBUG AssetLoader          - Loading from cache: /assets/textures/Ground.png
22:36:09.024 [FXGL Background Thread 1 ] DEBUG AssetLoader          - Loading from cache: /assets/textures/Ground.png
22:36:09.024 [FXGL Background Thread 1 ] DEBUG AssetLoader          - Loading from cache: /assets/textures/Ground.png
22:36:09.024 [FXGL Background Thread 1 ] DEBUG AssetLoader          - Loading from cache: /assets/textures/Ground.png
22:36:09.025 [FXGL Background Thread 1 ] DEBUG AssetLoader          - Loading from cache: /assets/textures/Ground.png
22:36:09.025 [FXGL Background Thread 1 ] DEBUG AssetLoader          - Loading from cache: /assets/textures/Ground.png
22:36:09.027 [FXGL Background Thread 1 ] DEBUG GameScene            - Creating render group for layer: BACKGROUND(1000)
22:36:09.055 [FXGL Background Thread 1 ] DEBUG GameScene            - Creating render group for layer: DEFAULT(100000)
22:36:09.063 [FXGL Background Thread 1 ] DEBUG AssetLoader          - Loading from disk: /assets/textures//Player/Run.png
22:36:09.066 [FXGL Background Thread 1 ] DEBUG AssetLoader          - Loading from disk: /assets/textures//Player/Idle.png
22:36:09.067 [FXGL Background Thread 1 ] DEBUG AssetLoader          - Loading from disk: /assets/textures//Player/jump.png
22:36:09.068 [FXGL Background Thread 1 ] DEBUG AssetLoader          - Loading from disk: /assets/textures//Player/JumpFall.png
22:36:09.068 [FXGL Background Thread 1 ] DEBUG AssetLoader          - Loading from disk: /assets/textures//Player/Attack1Test.png
22:36:09.069 [FXGL Background Thread 1 ] DEBUG AssetLoader          - Loading from disk: /assets/textures//Player/Attack2.png
22:36:09.070 [FXGL Background Thread 1 ] DEBUG AssetLoader          - Loading from disk: /assets/textures//Player/Attack3.png
22:36:09.071 [FXGL Background Thread 1 ] DEBUG AssetLoader          - Loading from disk: /assets/textures//Player/hurt.png
22:36:09.074 [FXGL Background Thread 1 ] DEBUG AssetLoader          - Loading from disk: /assets/textures//Enemy/Final Boss/idleteste.png
22:36:09.076 [FXGL Background Thread 1 ] DEBUG AssetLoader          - Loading from disk: /assets/textures//Enemy/Final Boss/attack.png
22:36:09.079 [FXGL Background Thread 1 ] DEBUG AssetLoader          - Loading from disk: /assets/textures//Enemy/Final Boss/hurt.png
22:36:09.084 [FXGL Background Thread 1 ] DEBUG InitAppTask          - Initializing Physics
22:36:09.085 [FXGL Background Thread 1 ] DEBUG InitAppTask          - Initializing UI
22:36:09.165 [FXGL Background Thread 1 ] DEBUG AudioPlayer          - Playing music com.almasb.fxgl.audio.Music@1bf5cf1
22:36:09.202 [FXGL Background Thread 1 ] DEBUG AssetLoader          - Loading from disk: /assets/textures//Map/vida.png
22:36:09.204 [FXGL Background Thread 1 ] DEBUG InitAppTask          - Initialization Complete
22:36:09.204 [FXGL Background Thread 1 ] INFO  InitAppTask          - Game initialization took: 0,501 sec
22:36:09.218 [JavaFX Application Thread] DEBUG Input                - Clearing active input actions
22:36:09.218 [JavaFX Application Thread] DEBUG AssetLoader          - Loading from disk: /assets/ui/css/fxgl_dark.css
22:36:09.223 [JavaFX Application Thread] DEBUG AppStateMachine      - LoadingState -> PlayState
22:36:16.927 [JavaFX Application Thread] DEBUG AssetLoader          - Loading from disk: /assets/textures//Enemy/Knight/knightidle.png
22:36:16.929 [JavaFX Application Thread] DEBUG AssetLoader          - Loading from disk: /assets/textures//Enemy/Knight/knightwalk.png
22:36:16.930 [JavaFX Application Thread] DEBUG AssetLoader          - Loading from disk: /assets/textures//Enemy/Knight/knightslash.png
22:36:16.933 [JavaFX Application Thread] DEBUG AssetLoader          - Loading from disk: /assets/textures//Enemy/Knight/knightdeath.png
22:36:16.936 [JavaFX Application Thread] DEBUG AssetLoader          - Loading from cache: /assets/textures//Enemy/Knight/knightidle.png
22:36:16.937 [JavaFX Application Thread] DEBUG AssetLoader          - Loading from cache: /assets/textures//Enemy/Knight/knightwalk.png
22:36:16.937 [JavaFX Application Thread] DEBUG AssetLoader          - Loading from cache: /assets/textures//Enemy/Knight/knightslash.png
22:36:16.937 [JavaFX Application Thread] DEBUG AssetLoader          - Loading from cache: /assets/textures//Enemy/Knight/knightdeath.png
22:36:18.519 [JavaFX Application Thread] DEBUG AssetLoader          - Loading from cache: /assets/sounds/Jump.wav
22:36:23.788 [JavaFX Application Thread] DEBUG AssetLoader          - Loading from cache: /assets/sounds/Hit.wav
22:36:24.508 [JavaFX Application Thread] DEBUG AssetLoader          - Loading from cache: /assets/sounds/Hit.wav
22:36:25.243 [JavaFX Application Thread] DEBUG AssetLoader          - Loading from cache: /assets/sounds/Hit.wav
22:36:27.402 [JavaFX Application Thread] DEBUG AssetLoader          - Loading from cache: /assets/sounds/Jump.wav
22:36:29.181 [JavaFX Application Thread] DEBUG AssetLoader          - Loading from cache: /assets/textures//Enemy/Knight/knightidle.png
22:36:29.181 [JavaFX Application Thread] DEBUG AssetLoader          - Loading from cache: /assets/textures//Enemy/Knight/knightwalk.png
22:36:29.181 [JavaFX Application Thread] DEBUG AssetLoader          - Loading from cache: /assets/textures//Enemy/Knight/knightslash.png
22:36:29.181 [JavaFX Application Thread] DEBUG AssetLoader          - Loading from cache: /assets/textures//Enemy/Knight/knightdeath.png
22:36:29.182 [JavaFX Application Thread] DEBUG AssetLoader          - Loading from cache: /assets/textures//Enemy/Knight/knightidle.png
22:36:29.182 [JavaFX Application Thread] DEBUG AssetLoader          - Loading from cache: /assets/textures//Enemy/Knight/knightwalk.png
22:36:29.182 [JavaFX Application Thread] DEBUG AssetLoader          - Loading from cache: /assets/textures//Enemy/Knight/knightslash.png
22:36:29.182 [JavaFX Application Thread] DEBUG AssetLoader          - Loading from cache: /assets/textures//Enemy/Knight/knightdeath.png
22:36:31.393 [JavaFX Application Thread] DEBUG AssetLoader          - Loading from cache: /assets/sounds/Hurt.wav
22:36:31.612 [JavaFX Application Thread] DEBUG AssetLoader          - Loading from cache: /assets/sounds/Hurt.wav
22:36:31.613 [JavaFX Application Thread] DEBUG AssetLoader          - Loading from cache: /assets/ui/fonts/VarelaRound-Regular.ttf
22:36:31.620 [JavaFX Application Thread] DEBUG AssetLoader          - Loading from cache: /assets/ui/fonts/VarelaRound-Regular.ttf
22:36:31.622 [JavaFX Application Thread] DEBUG AssetLoader          - Loading from disk: /assets/properties/languages/english.properties
22:36:31.625 [JavaFX Application Thread] DEBUG AssetLoader          - Loading from cache: /assets/ui/fonts/VarelaRound-Regular.ttf
22:36:31.626 [JavaFX Application Thread] DEBUG AppStateMachine      - Push state: DialogSubState
22:36:31.626 [JavaFX Application Thread] DEBUG Input                - Clearing active input actions
22:36:31.626 [JavaFX Application Thread] DEBUG AppStateMachine      - PlayState -> DialogSubState
22:36:33.669 [JavaFX Application Thread] DEBUG FXGL                 - Exiting FXGL
22:36:33.669 [JavaFX Application Thread] DEBUG FXGL                 - Shutting down background threads
22:36:33.669 [JavaFX Application Thread] DEBUG FXGL                 - Saving FXGL system data
22:36:33.672 [JavaFX Application Thread] DEBUG DesktopFSService     - Writing to: system\fxgl.bundle
22:36:33.675 [JavaFX Application Thread] DEBUG FXGL                 - Closing logger and exiting JavaFX
