22:24:12.738 [JavaFX Application Thread] DEBUG GameApplication      - Logger initialized
22:24:12.751 [JavaFX Application Thread] DEBUG GameApplication      - Logging settings
Title: Coelho Adventure
Version: 0.0
Width: 1024
Height: 512
Fullscreen: false
Intro: false
Menus: false
Profiling: false
Single step:false
App Mode: DEVELOPER
Menu Key: ESCAPE
Stage Style: DECORATED
Scene Factory: class com.almasb.fxgl.scene.SceneFactory
Dialog Factory: class com.almasb.fxgl.ui.FXGLDialogFactory
UI Factory: class com.almasb.fxgl.ui.FXGLUIFactory
Notification Service: class com.almasb.fxgl.gameplay.notification.XboxNotificationView
Exception Handler: class com.almasb.fxgl.app.FXGLExceptionHandler
22:24:12.751 [JavaFX Application Thread] DEBUG GameApplication      - Starting FXGL
22:24:12.758 [JavaFX Application Thread] INFO  FXGL                 - FXGL-0.5.4 on DESKTOP
22:24:12.758 [JavaFX Application Thread] INFO  FXGL                 - Source code and latest versions at: https://github.com/AlmasB/FXGL
22:24:12.759 [JavaFX Application Thread] INFO  FXGL                 -              Join the FXGL chat at: https://gitter.im/AlmasB/FXGL
22:24:12.759 [JavaFX Application Thread] DEBUG FXGL                 - FXGL started
22:24:12.759 [JavaFX Application Thread] DEBUG FXGL                 - Initializing FXGL
22:24:12.819 [JavaFX Application Thread] DEBUG AssetLoader          - Loading from disk: /assets/ui/cursors/fxgl_default.png
22:24:12.911 [JavaFX Application Thread] DEBUG AssetLoader          - Loading from disk: /assets/ui/fonts/VarelaRound-Regular.ttf
22:24:13.124 [JavaFX Application Thread] DEBUG MainWindow           - Creating a JavaFX scene
22:24:13.195 [JavaFX Application Thread] DEBUG MainWindow           - Target settings size: 1024.0 x 512.0
22:24:13.195 [JavaFX Application Thread] DEBUG MainWindow           - Scaled scene size:    1024.0 x 512.0
22:24:13.196 [JavaFX Application Thread] DEBUG MainWindow           - Scaled ratio: (1.0, 1.0)
22:24:13.201 [JavaFX Application Thread] DEBUG AssetLoader          - Loading from disk: /assets/ui/css/fxgl_dark.css
22:24:13.209 [JavaFX Application Thread] DEBUG AssetLoader          - Loading from disk: /assets/textures/fxgl_icon.png
22:24:13.226 [JavaFX Application Thread] DEBUG MainWindow           - Opening main window
22:24:13.546 [JavaFX Application Thread] DEBUG MainWindow           - Window border size: (6.0, 35.0)
22:24:13.547 [JavaFX Application Thread] DEBUG MainWindow           - Scaled size: 1024.0 x 512.0
22:24:13.547 [JavaFX Application Thread] DEBUG MainWindow           - Scaled ratio: (1.0, 1.0)
22:24:13.547 [JavaFX Application Thread] DEBUG MainWindow           - Scene size: 1024.0 x 512.0
22:24:13.547 [JavaFX Application Thread] DEBUG MainWindow           - Stage size: 1030.0 x 547.0
22:24:13.593 [ForkJoinPool.commonPool-worker-1] DEBUG FS                   - Loaded DesktopFSService
22:24:13.594 [ForkJoinPool.commonPool-worker-1] DEBUG FXGL                 - Loading FXGL system data
22:24:13.599 [ForkJoinPool.commonPool-worker-1] DEBUG DesktopFSService     - Reading from: system\fxgl.bundle
22:24:13.606 [ForkJoinPool.commonPool-worker-1] DEBUG Bundle               - Logging bundle: FXGL
22:24:13.607 [ForkJoinPool.commonPool-worker-1] DEBUG Bundle               - FXGL.offline.timer.version.check=2018-12-02T17:50:43.294
22:24:13.608 [ForkJoinPool.commonPool-worker-1] DEBUG FXGL                 - Initializing state machine and application states
22:24:13.610 [ForkJoinPool.commonPool-worker-1] DEBUG AssetLoader          - Loading from disk: /assets/ui/cursors/fxgl_default.png
22:24:13.615 [ForkJoinPool.commonPool-worker-1] DEBUG AssetLoader          - Loading from disk: /assets/ui/cursors/fxgl_default.png
22:24:13.625 [ForkJoinPool.commonPool-worker-1] DEBUG AssetLoader          - Loading from cache: /assets/ui/fonts/VarelaRound-Regular.ttf
22:24:13.628 [ForkJoinPool.commonPool-worker-1] DEBUG AssetLoader          - Loading from disk: /assets/ui/cursors/fxgl_default.png
22:24:13.631 [ForkJoinPool.commonPool-worker-1] DEBUG GameScene            - Game scene initialized: 1024x512
22:24:13.638 [ForkJoinPool.commonPool-worker-1] DEBUG GameWorld            - Game world initialized
22:24:13.704 [ForkJoinPool.commonPool-worker-1] DEBUG PhysicsWorld         - Physics world initialized: appHeight=512, physics.ppm=50,0
22:24:13.730 [ForkJoinPool.commonPool-worker-1] DEBUG Input                - Registered new binding: Pause - Esc
22:24:13.825 [JavaFX Application Thread] DEBUG FXGL                 - Running preInit()
22:24:13.827 [JavaFX Application Thread] DEBUG Input                - Registered new binding: Screenshot - P
22:24:13.828 [JavaFX Application Thread] DEBUG Input                - Registered new binding: Dev Options - CTRL+0
22:24:13.828 [JavaFX Application Thread] DEBUG Input                - Registered new binding: System info dump - CTRL+9
22:24:13.829 [JavaFX Application Thread] DEBUG Input                - Registered new binding: Restart - CTRL+R
22:24:13.829 [JavaFX Application Thread] DEBUG Input                - Registered new binding: esquerda - Right
22:24:13.829 [JavaFX Application Thread] DEBUG Input                - Registered new binding: direita - Left
22:24:13.829 [JavaFX Application Thread] DEBUG Input                - Registered new binding: pular - Up
22:24:13.829 [JavaFX Application Thread] DEBUG Input                - Registered new binding: attack - Z
22:24:13.830 [JavaFX Application Thread] INFO  FXGL                 - FXGL initialization took: 1,070 sec
22:24:13.830 [JavaFX Application Thread] DEBUG LoopRunner           - Starting loop
22:24:13.832 [JavaFX Application Thread] DEBUG StartupState         - STARTUP
22:24:13.832 [JavaFX Application Thread] DEBUG GameApplication      - Starting new game
22:24:13.832 [JavaFX Application Thread] DEBUG Input                - Clearing active input actions
22:24:13.833 [JavaFX Application Thread] DEBUG AssetLoader          - Loading from disk: /assets/ui/css/fxgl_dark.css
22:24:13.841 [JavaFX Application Thread] DEBUG AppStateMachine      - StartupState -> LoadingState
22:24:13.848 [FXGL Background Thread 1 ] DEBUG InitAppTask          - Clearing previous game
22:24:13.848 [FXGL Background Thread 1 ] DEBUG GameWorld            - Clearing game world
22:24:13.848 [FXGL Background Thread 1 ] DEBUG PhysicsWorld         - Clearing physics world
22:24:13.848 [FXGL Background Thread 1 ] DEBUG GameScene            - Clearing game scene
22:24:13.849 [FXGL Background Thread 1 ] DEBUG InitAppTask          - Initializing Game
22:24:13.859 [FXGL Background Thread 1 ] DEBUG GameWorld            - Clearing game world
22:24:13.884 [FXGL Background Thread 1 ] DEBUG AssetLoader          - Loading from disk: /assets/json/LVL 3.json
22:24:14.139 [FXGL Background Thread 1 ] DEBUG GameWorld            - Clearing removable entities
22:24:14.139 [FXGL Background Thread 1 ] DEBUG GameWorld            - Setting level from map
22:24:14.155 [FXGL Background Thread 1 ] DEBUG AssetLoader          - Loading from disk: /assets/textures/Ground.png
22:24:14.186 [FXGL Background Thread 1 ] DEBUG AssetLoader          - Loading from cache: /assets/textures/Ground.png
22:24:14.186 [FXGL Background Thread 1 ] DEBUG AssetLoader          - Loading from cache: /assets/textures/Ground.png
22:24:14.186 [FXGL Background Thread 1 ] DEBUG AssetLoader          - Loading from cache: /assets/textures/Ground.png
22:24:14.186 [FXGL Background Thread 1 ] DEBUG AssetLoader          - Loading from cache: /assets/textures/Ground.png
22:24:14.187 [FXGL Background Thread 1 ] DEBUG AssetLoader          - Loading from cache: /assets/textures/Ground.png
22:24:14.187 [FXGL Background Thread 1 ] DEBUG AssetLoader          - Loading from cache: /assets/textures/Ground.png
22:24:14.187 [FXGL Background Thread 1 ] DEBUG AssetLoader          - Loading from cache: /assets/textures/Ground.png
22:24:14.187 [FXGL Background Thread 1 ] DEBUG AssetLoader          - Loading from cache: /assets/textures/Ground.png
22:24:14.187 [FXGL Background Thread 1 ] DEBUG AssetLoader          - Loading from cache: /assets/textures/Ground.png
22:24:14.187 [FXGL Background Thread 1 ] DEBUG AssetLoader          - Loading from cache: /assets/textures/Ground.png
22:24:14.188 [FXGL Background Thread 1 ] DEBUG AssetLoader          - Loading from cache: /assets/textures/Ground.png
22:24:14.188 [FXGL Background Thread 1 ] DEBUG AssetLoader          - Loading from cache: /assets/textures/Ground.png
22:24:14.188 [FXGL Background Thread 1 ] DEBUG AssetLoader          - Loading from cache: /assets/textures/Ground.png
22:24:14.188 [FXGL Background Thread 1 ] DEBUG AssetLoader          - Loading from cache: /assets/textures/Ground.png
22:24:14.188 [FXGL Background Thread 1 ] DEBUG AssetLoader          - Loading from cache: /assets/textures/Ground.png
22:24:14.188 [FXGL Background Thread 1 ] DEBUG AssetLoader          - Loading from cache: /assets/textures/Ground.png
22:24:14.189 [FXGL Background Thread 1 ] DEBUG AssetLoader          - Loading from cache: /assets/textures/Ground.png
22:24:14.189 [FXGL Background Thread 1 ] DEBUG AssetLoader          - Loading from cache: /assets/textures/Ground.png
22:24:14.189 [FXGL Background Thread 1 ] DEBUG AssetLoader          - Loading from cache: /assets/textures/Ground.png
22:24:14.189 [FXGL Background Thread 1 ] DEBUG AssetLoader          - Loading from cache: /assets/textures/Ground.png
22:24:14.189 [FXGL Background Thread 1 ] DEBUG AssetLoader          - Loading from cache: /assets/textures/Ground.png
22:24:14.189 [FXGL Background Thread 1 ] DEBUG AssetLoader          - Loading from cache: /assets/textures/Ground.png
22:24:14.190 [FXGL Background Thread 1 ] DEBUG AssetLoader          - Loading from cache: /assets/textures/Ground.png
22:24:14.190 [FXGL Background Thread 1 ] DEBUG AssetLoader          - Loading from cache: /assets/textures/Ground.png
22:24:14.190 [FXGL Background Thread 1 ] DEBUG AssetLoader          - Loading from cache: /assets/textures/Ground.png
22:24:14.190 [FXGL Background Thread 1 ] DEBUG AssetLoader          - Loading from cache: /assets/textures/Ground.png
22:24:14.190 [FXGL Background Thread 1 ] DEBUG AssetLoader          - Loading from cache: /assets/textures/Ground.png
22:24:14.190 [FXGL Background Thread 1 ] DEBUG AssetLoader          - Loading from cache: /assets/textures/Ground.png
22:24:14.191 [FXGL Background Thread 1 ] DEBUG AssetLoader          - Loading from cache: /assets/textures/Ground.png
22:24:14.191 [FXGL Background Thread 1 ] DEBUG AssetLoader          - Loading from cache: /assets/textures/Ground.png
22:24:14.191 [FXGL Background Thread 1 ] DEBUG AssetLoader          - Loading from cache: /assets/textures/Ground.png
22:24:14.191 [FXGL Background Thread 1 ] DEBUG AssetLoader          - Loading from cache: /assets/textures/Ground.png
22:24:14.191 [FXGL Background Thread 1 ] DEBUG AssetLoader          - Loading from cache: /assets/textures/Ground.png
22:24:14.191 [FXGL Background Thread 1 ] DEBUG AssetLoader          - Loading from cache: /assets/textures/Ground.png
22:24:14.191 [FXGL Background Thread 1 ] DEBUG AssetLoader          - Loading from cache: /assets/textures/Ground.png
22:24:14.191 [FXGL Background Thread 1 ] DEBUG AssetLoader          - Loading from cache: /assets/textures/Ground.png
22:24:14.191 [FXGL Background Thread 1 ] DEBUG AssetLoader          - Loading from cache: /assets/textures/Ground.png
22:24:14.191 [FXGL Background Thread 1 ] DEBUG AssetLoader          - Loading from cache: /assets/textures/Ground.png
22:24:14.191 [FXGL Background Thread 1 ] DEBUG AssetLoader          - Loading from cache: /assets/textures/Ground.png
22:24:14.191 [FXGL Background Thread 1 ] DEBUG AssetLoader          - Loading from cache: /assets/textures/Ground.png
22:24:14.191 [FXGL Background Thread 1 ] DEBUG AssetLoader          - Loading from cache: /assets/textures/Ground.png
22:24:14.191 [FXGL Background Thread 1 ] DEBUG AssetLoader          - Loading from cache: /assets/textures/Ground.png
22:24:14.192 [FXGL Background Thread 1 ] DEBUG AssetLoader          - Loading from cache: /assets/textures/Ground.png
22:24:14.192 [FXGL Background Thread 1 ] DEBUG AssetLoader          - Loading from cache: /assets/textures/Ground.png
22:24:14.192 [FXGL Background Thread 1 ] DEBUG AssetLoader          - Loading from cache: /assets/textures/Ground.png
22:24:14.192 [FXGL Background Thread 1 ] DEBUG AssetLoader          - Loading from cache: /assets/textures/Ground.png
22:24:14.192 [FXGL Background Thread 1 ] DEBUG AssetLoader          - Loading from cache: /assets/textures/Ground.png
22:24:14.192 [FXGL Background Thread 1 ] DEBUG AssetLoader          - Loading from cache: /assets/textures/Ground.png
22:24:14.193 [FXGL Background Thread 1 ] DEBUG AssetLoader          - Loading from cache: /assets/textures/Ground.png
22:24:14.193 [FXGL Background Thread 1 ] DEBUG AssetLoader          - Loading from cache: /assets/textures/Ground.png
22:24:14.193 [FXGL Background Thread 1 ] DEBUG AssetLoader          - Loading from cache: /assets/textures/Ground.png
22:24:14.193 [FXGL Background Thread 1 ] DEBUG AssetLoader          - Loading from cache: /assets/textures/Ground.png
22:24:14.193 [FXGL Background Thread 1 ] DEBUG AssetLoader          - Loading from cache: /assets/textures/Ground.png
22:24:14.194 [FXGL Background Thread 1 ] DEBUG AssetLoader          - Loading from cache: /assets/textures/Ground.png
22:24:14.194 [FXGL Background Thread 1 ] DEBUG AssetLoader          - Loading from cache: /assets/textures/Ground.png
22:24:14.194 [FXGL Background Thread 1 ] DEBUG AssetLoader          - Loading from cache: /assets/textures/Ground.png
22:24:14.194 [FXGL Background Thread 1 ] DEBUG AssetLoader          - Loading from cache: /assets/textures/Ground.png
22:24:14.194 [FXGL Background Thread 1 ] DEBUG AssetLoader          - Loading from cache: /assets/textures/Ground.png
22:24:14.195 [FXGL Background Thread 1 ] DEBUG AssetLoader          - Loading from cache: /assets/textures/Ground.png
22:24:14.195 [FXGL Background Thread 1 ] DEBUG AssetLoader          - Loading from cache: /assets/textures/Ground.png
22:24:14.195 [FXGL Background Thread 1 ] DEBUG AssetLoader          - Loading from cache: /assets/textures/Ground.png
22:24:14.195 [FXGL Background Thread 1 ] DEBUG AssetLoader          - Loading from cache: /assets/textures/Ground.png
22:24:14.195 [FXGL Background Thread 1 ] DEBUG AssetLoader          - Loading from cache: /assets/textures/Ground.png
22:24:14.195 [FXGL Background Thread 1 ] DEBUG AssetLoader          - Loading from cache: /assets/textures/Ground.png
22:24:14.195 [FXGL Background Thread 1 ] DEBUG AssetLoader          - Loading from cache: /assets/textures/Ground.png
22:24:14.196 [FXGL Background Thread 1 ] DEBUG AssetLoader          - Loading from cache: /assets/textures/Ground.png
22:24:14.196 [FXGL Background Thread 1 ] DEBUG AssetLoader          - Loading from cache: /assets/textures/Ground.png
22:24:14.196 [FXGL Background Thread 1 ] DEBUG AssetLoader          - Loading from cache: /assets/textures/Ground.png
22:24:14.196 [FXGL Background Thread 1 ] DEBUG AssetLoader          - Loading from cache: /assets/textures/Ground.png
22:24:14.196 [FXGL Background Thread 1 ] DEBUG AssetLoader          - Loading from cache: /assets/textures/Ground.png
22:24:14.196 [FXGL Background Thread 1 ] DEBUG AssetLoader          - Loading from cache: /assets/textures/Ground.png
22:24:14.196 [FXGL Background Thread 1 ] DEBUG AssetLoader          - Loading from cache: /assets/textures/Ground.png
22:24:14.197 [FXGL Background Thread 1 ] DEBUG AssetLoader          - Loading from cache: /assets/textures/Ground.png
22:24:14.197 [FXGL Background Thread 1 ] DEBUG AssetLoader          - Loading from cache: /assets/textures/Ground.png
22:24:14.197 [FXGL Background Thread 1 ] DEBUG AssetLoader          - Loading from cache: /assets/textures/Ground.png
22:24:14.197 [FXGL Background Thread 1 ] DEBUG AssetLoader          - Loading from cache: /assets/textures/Ground.png
22:24:14.197 [FXGL Background Thread 1 ] DEBUG AssetLoader          - Loading from cache: /assets/textures/Ground.png
22:24:14.197 [FXGL Background Thread 1 ] DEBUG AssetLoader          - Loading from cache: /assets/textures/Ground.png
22:24:14.197 [FXGL Background Thread 1 ] DEBUG AssetLoader          - Loading from cache: /assets/textures/Ground.png
22:24:14.199 [FXGL Background Thread 1 ] DEBUG AssetLoader          - Loading from cache: /assets/textures/Ground.png
22:24:14.199 [FXGL Background Thread 1 ] DEBUG AssetLoader          - Loading from cache: /assets/textures/Ground.png
22:24:14.199 [FXGL Background Thread 1 ] DEBUG AssetLoader          - Loading from cache: /assets/textures/Ground.png
22:24:14.199 [FXGL Background Thread 1 ] DEBUG AssetLoader          - Loading from cache: /assets/textures/Ground.png
22:24:14.199 [FXGL Background Thread 1 ] DEBUG AssetLoader          - Loading from cache: /assets/textures/Ground.png
22:24:14.199 [FXGL Background Thread 1 ] DEBUG AssetLoader          - Loading from cache: /assets/textures/Ground.png
22:24:14.199 [FXGL Background Thread 1 ] DEBUG AssetLoader          - Loading from cache: /assets/textures/Ground.png
22:24:14.199 [FXGL Background Thread 1 ] DEBUG AssetLoader          - Loading from cache: /assets/textures/Ground.png
22:24:14.199 [FXGL Background Thread 1 ] DEBUG AssetLoader          - Loading from cache: /assets/textures/Ground.png
22:24:14.199 [FXGL Background Thread 1 ] DEBUG AssetLoader          - Loading from cache: /assets/textures/Ground.png
22:24:14.199 [FXGL Background Thread 1 ] DEBUG AssetLoader          - Loading from cache: /assets/textures/Ground.png
22:24:14.199 [FXGL Background Thread 1 ] DEBUG AssetLoader          - Loading from cache: /assets/textures/Ground.png
22:24:14.199 [FXGL Background Thread 1 ] DEBUG AssetLoader          - Loading from cache: /assets/textures/Ground.png
22:24:14.199 [FXGL Background Thread 1 ] DEBUG AssetLoader          - Loading from cache: /assets/textures/Ground.png
22:24:14.199 [FXGL Background Thread 1 ] DEBUG AssetLoader          - Loading from cache: /assets/textures/Ground.png
22:24:14.199 [FXGL Background Thread 1 ] DEBUG AssetLoader          - Loading from cache: /assets/textures/Ground.png
22:24:14.199 [FXGL Background Thread 1 ] DEBUG AssetLoader          - Loading from cache: /assets/textures/Ground.png
22:24:14.200 [FXGL Background Thread 1 ] DEBUG AssetLoader          - Loading from cache: /assets/textures/Ground.png
22:24:14.200 [FXGL Background Thread 1 ] DEBUG AssetLoader          - Loading from cache: /assets/textures/Ground.png
22:24:14.200 [FXGL Background Thread 1 ] DEBUG AssetLoader          - Loading from cache: /assets/textures/Ground.png
22:24:14.200 [FXGL Background Thread 1 ] DEBUG AssetLoader          - Loading from cache: /assets/textures/Ground.png
22:24:14.203 [FXGL Background Thread 1 ] DEBUG GameScene            - Creating render group for layer: BACKGROUND(1000)
22:24:14.240 [FXGL Background Thread 1 ] DEBUG GameScene            - Creating render group for layer: DEFAULT(100000)
22:24:14.254 [FXGL Background Thread 1 ] DEBUG AssetLoader          - Loading from disk: /assets/textures//Player/Run.png
22:24:14.257 [FXGL Background Thread 1 ] DEBUG AssetLoader          - Loading from disk: /assets/textures//Player/Idle.png
22:24:14.258 [FXGL Background Thread 1 ] DEBUG AssetLoader          - Loading from disk: /assets/textures//Player/jump.png
22:24:14.259 [FXGL Background Thread 1 ] DEBUG AssetLoader          - Loading from disk: /assets/textures//Player/JumpFall.png
22:24:14.260 [FXGL Background Thread 1 ] DEBUG AssetLoader          - Loading from disk: /assets/textures//Player/Attack1Test.png
22:24:14.261 [FXGL Background Thread 1 ] DEBUG AssetLoader          - Loading from disk: /assets/textures//Player/Attack2.png
22:24:14.262 [FXGL Background Thread 1 ] DEBUG AssetLoader          - Loading from disk: /assets/textures//Player/Attack3.png
22:24:14.262 [FXGL Background Thread 1 ] DEBUG AssetLoader          - Loading from disk: /assets/textures//Player/hurt.png
22:24:14.263 [FXGL Background Thread 1 ] DEBUG AssetLoader          - Loading from disk: /assets/textures//Player/Cast.png
22:24:14.267 [FXGL Background Thread 1 ] DEBUG AssetLoader          - Loading from disk: /assets/textures//Enemy/Final Boss/idleteste.png
22:24:14.268 [FXGL Background Thread 1 ] DEBUG AssetLoader          - Loading from disk: /assets/textures//Enemy/Final Boss/attack.png
22:24:14.272 [FXGL Background Thread 1 ] DEBUG AssetLoader          - Loading from disk: /assets/textures//Enemy/Final Boss/hurt.png
22:24:14.278 [FXGL Background Thread 1 ] DEBUG InitAppTask          - Initializing Physics
22:24:14.279 [FXGL Background Thread 1 ] DEBUG InitAppTask          - Initializing UI
22:24:14.353 [FXGL Background Thread 1 ] DEBUG AudioPlayer          - Playing music com.almasb.fxgl.audio.Music@ee02c
22:24:14.391 [FXGL Background Thread 1 ] DEBUG AssetLoader          - Loading from disk: /assets/textures//Map/vida.png
22:24:14.393 [FXGL Background Thread 1 ] DEBUG InitAppTask          - Initialization Complete
22:24:14.393 [FXGL Background Thread 1 ] INFO  InitAppTask          - Game initialization took: 0,546 sec
22:24:14.411 [JavaFX Application Thread] DEBUG Input                - Clearing active input actions
22:24:14.411 [JavaFX Application Thread] DEBUG AssetLoader          - Loading from disk: /assets/ui/css/fxgl_dark.css
22:24:14.417 [JavaFX Application Thread] DEBUG AppStateMachine      - LoadingState -> PlayState
22:24:38.969 [JavaFX Application Thread] DEBUG FXGL                 - Exiting FXGL
22:24:38.969 [JavaFX Application Thread] DEBUG FXGL                 - Shutting down background threads
22:24:38.971 [JavaFX Application Thread] DEBUG FXGL                 - Saving FXGL system data
22:24:38.977 [JavaFX Application Thread] DEBUG DesktopFSService     - Writing to: system\fxgl.bundle
22:24:38.980 [JavaFX Application Thread] DEBUG FXGL                 - Closing logger and exiting JavaFX
